2016-08-22 22:10:50,992 DEBUG [Thread-2] - com.nagarro.hibernate.flightdemo.presentation.Main getUserInput 33 - Enter:- Depurture Location(3 letters), Arrival Location(3 letters), Date(DD-MM-YYYY), Class(E/B), OutPref(Fare/both) 
 [e.g- DEL MUB 05-12-2013 E both]: 
2016-08-22 22:10:51,024 DEBUG [main] - com.nagarro.hibernate.flightdemo.presentation.Main handleException 39 - 
2016-08-22 22:11:24,108 DEBUG [Thread-2] - com.nagarro.hibernate.flightdemo.presentation.Main outputFilter 44 - FLIGHT_NUM|DEP_LOC|ARR_LOC|VALID_TILL|FLIGHT_TIME|FLIGHT_DURN|FARE|CLASS 
2016-08-22 22:11:24,108 DEBUG [Thread-2] - com.nagarro.hibernate.flightdemo.presentation.Main outputFilter 52 - 9W377 | DEL | MUB | 2013-12-06 00:00:00.0 | 0600 | 4.1 | 5500.0 | B
2016-08-22 22:11:24,108 DEBUG [Thread-2] - com.nagarro.hibernate.flightdemo.presentation.Main outputFilter 52 - 9W379 | DEL | MUB | 2013-12-15 00:00:00.0 | 0630 | 4.3 | 4900.0 | EB
2016-08-22 22:11:24,108 DEBUG [Thread-2] - com.nagarro.hibernate.flightdemo.presentation.Main outputFilter 52 - 9W389 | DEL | MUB | 2013-12-17 00:00:00.0 | 0830 | 4.0 | 5650.0 | E
2016-08-22 22:11:24,108 DEBUG [Thread-2] - com.nagarro.hibernate.flightdemo.presentation.Main outputFilter 52 - 9W378 | DEL | MUB | 2013-12-17 00:00:00.0 | 1830 | 4.2 | 5300.0 | EB
2016-08-22 22:11:24,108 DEBUG [Thread-2] - com.nagarro.hibernate.flightdemo.presentation.Main outputFilter 52 - 6E379 | DEL | MUB | 2013-12-12 00:00:00.0 | 0930 | 4.1 | 5500.0 | EB
2016-08-22 22:11:24,108 DEBUG [Thread-2] - com.nagarro.hibernate.flightdemo.presentation.Main outputFilter 52 - 6E378 | DEL | MUB | 2013-12-25 00:00:00.0 | 1830 | 4.25 | 5300.0 | EB
2016-08-22 22:11:24,108 DEBUG [Thread-2] - com.nagarro.hibernate.flightdemo.presentation.Main outputFilter 52 - 6E378 | DEL | MUB | 2013-12-29 00:00:00.0 | 1630 | 3.45 | 6500.0 | E
2016-08-22 22:11:24,108 DEBUG [Thread-2] - com.nagarro.hibernate.flightdemo.presentation.Main outputFilter 52 - AI279 | DEL | MUB | 2013-12-10 00:00:00.0 | 0630 | 4.3 | 4900.0 | E
2016-08-22 22:11:24,108 DEBUG [Thread-2] - com.nagarro.hibernate.flightdemo.presentation.Main outputFilter 52 - AI289 | DEL | MUB | 2013-12-10 00:00:00.0 | 0830 | 4.0 | 5650.0 | EB
2016-08-22 22:11:24,108 DEBUG [Thread-2] - com.nagarro.hibernate.flightdemo.presentation.Main outputFilter 52 - AI278 | DEL | MUB | 2013-12-17 00:00:00.0 | 1830 | 4.2 | 5300.0 | E
2016-08-22 22:11:24,108 DEBUG [Thread-2] - com.nagarro.hibernate.flightdemo.presentation.Main outputFilter 52 - AI278 | DEL | MUB | 2013-12-20 00:00:00.0 | 1430 | 3.45 | 6500.0 | EB
2016-08-22 22:11:24,108 DEBUG [Thread-2] - com.nagarro.hibernate.flightdemo.presentation.Main outputFilter 52 - RickK | DEL | MUB | 2013-12-20 00:00:00.0 | 1430 | 3.45 | 6500.0 | EB
2016-08-22 22:11:24,108 DEBUG [Thread-2] - com.nagarro.hibernate.flightdemo.presentation.Main outputFilter 71 - Want to Enter More (Y/y)(Any other Key for No)?
2016-08-22 22:13:12,008 DEBUG [Thread-2] - com.nagarro.hibernate.flightdemo.presentation.Main outputFilter 69 - java.util.MissingResourceException: Can't find resource for bundle java.util.PropertyResourceBundle, key InputMessages
2016-08-22 22:13:12,008 DEBUG [Thread-2] - com.nagarro.hibernate.flightdemo.presentation.Main outputFilter 71 - Want to Enter More (Y/y)(Any other Key for No)?
2016-08-22 22:13:39,384 DEBUG [Thread-2] - com.nagarro.hibernate.flightdemo.presentation.Main getUserInput 33 - Enter:- Depurture Location(3 letters), Arrival Location(3 letters), Date(DD-MM-YYYY), Class(E/B), OutPref(Fare/both) [e.g- DEL MUB 05-12-2013 E both]: 
2016-08-22 22:13:48,449 DEBUG [Thread-2] - com.nagarro.hibernate.flightdemo.presentation.Main outputFilter 44 - FLIGHT_NUM|DEP_LOC|ARR_LOC|VALID_TILL|FLIGHT_TIME|FLIGHT_DURN|FARE|CLASS 
2016-08-22 22:13:48,449 DEBUG [Thread-2] - com.nagarro.hibernate.flightdemo.presentation.Main outputFilter 52 - 9W377 | DEL | MUB | 2013-12-06 00:00:00.0 | 0600 | 4.1 | 5500.0 | B
2016-08-22 22:13:48,449 DEBUG [Thread-2] - com.nagarro.hibernate.flightdemo.presentation.Main outputFilter 52 - 9W379 | DEL | MUB | 2013-12-15 00:00:00.0 | 0630 | 4.3 | 4900.0 | EB
2016-08-22 22:13:48,449 DEBUG [Thread-2] - com.nagarro.hibernate.flightdemo.presentation.Main outputFilter 52 - 9W389 | DEL | MUB | 2013-12-17 00:00:00.0 | 0830 | 4.0 | 5650.0 | E
2016-08-22 22:13:48,449 DEBUG [Thread-2] - com.nagarro.hibernate.flightdemo.presentation.Main outputFilter 52 - 9W378 | DEL | MUB | 2013-12-17 00:00:00.0 | 1830 | 4.2 | 5300.0 | EB
2016-08-22 22:13:48,449 DEBUG [Thread-2] - com.nagarro.hibernate.flightdemo.presentation.Main outputFilter 52 - 6E379 | DEL | MUB | 2013-12-12 00:00:00.0 | 0930 | 4.1 | 5500.0 | EB
2016-08-22 22:13:48,449 DEBUG [Thread-2] - com.nagarro.hibernate.flightdemo.presentation.Main outputFilter 52 - 6E378 | DEL | MUB | 2013-12-25 00:00:00.0 | 1830 | 4.25 | 5300.0 | EB
2016-08-22 22:13:48,449 DEBUG [Thread-2] - com.nagarro.hibernate.flightdemo.presentation.Main outputFilter 52 - 6E378 | DEL | MUB | 2013-12-29 00:00:00.0 | 1630 | 3.45 | 6500.0 | E
2016-08-22 22:13:48,449 DEBUG [Thread-2] - com.nagarro.hibernate.flightdemo.presentation.Main outputFilter 52 - AI279 | DEL | MUB | 2013-12-10 00:00:00.0 | 0630 | 4.3 | 4900.0 | E
2016-08-22 22:13:48,449 DEBUG [Thread-2] - com.nagarro.hibernate.flightdemo.presentation.Main outputFilter 52 - AI289 | DEL | MUB | 2013-12-10 00:00:00.0 | 0830 | 4.0 | 5650.0 | EB
2016-08-22 22:13:48,449 DEBUG [Thread-2] - com.nagarro.hibernate.flightdemo.presentation.Main outputFilter 52 - AI278 | DEL | MUB | 2013-12-17 00:00:00.0 | 1830 | 4.2 | 5300.0 | E
2016-08-22 22:13:48,449 DEBUG [Thread-2] - com.nagarro.hibernate.flightdemo.presentation.Main outputFilter 52 - AI278 | DEL | MUB | 2013-12-20 00:00:00.0 | 1430 | 3.45 | 6500.0 | EB
2016-08-22 22:13:48,449 DEBUG [Thread-2] - com.nagarro.hibernate.flightdemo.presentation.Main outputFilter 52 - RickK | DEL | MUB | 2013-12-20 00:00:00.0 | 1430 | 3.45 | 6500.0 | EB
2016-08-22 22:13:48,449 DEBUG [Thread-2] - com.nagarro.hibernate.flightdemo.presentation.Main outputFilter 71 - Want to Enter More (Y/y)(Any other Key for No)?
2016-08-22 22:18:54,290 DEBUG [Thread-2] - com.nagarro.hibernate.flightdemo.presentation.Main getUserInput 33 - Enter:- Depurture Location(3 letters), Arrival Location(3 letters), Date(DD-MM-YYYY), Class(E/B), OutPref(Fare/both) [e.g- DEL MUB 05-12-2013 E both]: 
2016-08-22 22:19:23,232 DEBUG [Thread-2] - com.nagarro.hibernate.flightdemo.presentation.Main outputFilter 69 - java.util.MissingResourceException: Can't find bundle for base name resources/com/nagarro/hibernate/flightdemo/resources/ConsoleMessages, locale en
2016-08-22 22:19:23,232 DEBUG [Thread-2] - com.nagarro.hibernate.flightdemo.presentation.Main outputFilter 71 - Want to Enter More (Y/y)(Any other Key for No)?
2016-08-22 23:26:41,960 DEBUG [Thread-2] - com.nagarro.hibernate.flightdemo.presentation.Main getUserInput 34 - Enter:- Depurture Location(3 letters), Arrival Location(3 letters), Date(DD-MM-YYYY), Class(E/B), OutPref(Fare/both) [e.g- DEL MUB 05-12-2013 E both]: 
2016-08-22 23:26:54,963 DEBUG [Thread-2] - com.nagarro.hibernate.flightdemo.presentation.Main outputFilter 45 - FLIGHT_NUM|DEP_LOC|ARR_LOC|VALID_TILL|FLIGHT_TIME|FLIGHT_DURN|FARE|CLASS 
2016-08-22 23:26:54,963 DEBUG [Thread-2] - com.nagarro.hibernate.flightdemo.presentation.Main outputFilter 53 - 9W377 | DEL | MUB | 2013-12-06 00:00:00.0 | 0600 | 4.1 | 5500.0 | B
2016-08-22 23:26:54,963 DEBUG [Thread-2] - com.nagarro.hibernate.flightdemo.presentation.Main outputFilter 53 - 9W379 | DEL | MUB | 2013-12-15 00:00:00.0 | 0630 | 4.3 | 4900.0 | EB
2016-08-22 23:26:54,963 DEBUG [Thread-2] - com.nagarro.hibernate.flightdemo.presentation.Main outputFilter 53 - 9W389 | DEL | MUB | 2013-12-17 00:00:00.0 | 0830 | 4.0 | 5650.0 | E
2016-08-22 23:26:54,963 DEBUG [Thread-2] - com.nagarro.hibernate.flightdemo.presentation.Main outputFilter 53 - 9W378 | DEL | MUB | 2013-12-17 00:00:00.0 | 1830 | 4.2 | 5300.0 | EB
2016-08-22 23:26:54,963 DEBUG [Thread-2] - com.nagarro.hibernate.flightdemo.presentation.Main outputFilter 53 - 6E379 | DEL | MUB | 2013-12-12 00:00:00.0 | 0930 | 4.1 | 5500.0 | EB
2016-08-22 23:26:54,963 DEBUG [Thread-2] - com.nagarro.hibernate.flightdemo.presentation.Main outputFilter 53 - 6E378 | DEL | MUB | 2013-12-25 00:00:00.0 | 1830 | 4.25 | 5300.0 | EB
2016-08-22 23:26:54,963 DEBUG [Thread-2] - com.nagarro.hibernate.flightdemo.presentation.Main outputFilter 53 - 6E378 | DEL | MUB | 2013-12-29 00:00:00.0 | 1630 | 3.45 | 6500.0 | E
2016-08-22 23:26:54,963 DEBUG [Thread-2] - com.nagarro.hibernate.flightdemo.presentation.Main outputFilter 53 - AI279 | DEL | MUB | 2013-12-10 00:00:00.0 | 0630 | 4.3 | 4900.0 | E
2016-08-22 23:26:54,963 DEBUG [Thread-2] - com.nagarro.hibernate.flightdemo.presentation.Main outputFilter 53 - AI289 | DEL | MUB | 2013-12-10 00:00:00.0 | 0830 | 4.0 | 5650.0 | EB
2016-08-22 23:26:54,963 DEBUG [Thread-2] - com.nagarro.hibernate.flightdemo.presentation.Main outputFilter 53 - AI278 | DEL | MUB | 2013-12-17 00:00:00.0 | 1830 | 4.2 | 5300.0 | E
2016-08-22 23:26:54,963 DEBUG [Thread-2] - com.nagarro.hibernate.flightdemo.presentation.Main outputFilter 53 - AI278 | DEL | MUB | 2013-12-20 00:00:00.0 | 1430 | 3.45 | 6500.0 | EB
2016-08-22 23:26:54,963 DEBUG [Thread-2] - com.nagarro.hibernate.flightdemo.presentation.Main outputFilter 53 - RickK | DEL | MUB | 2013-12-20 00:00:00.0 | 1430 | 3.45 | 6500.0 | EB
2016-08-22 23:26:54,964 DEBUG [Thread-2] - com.nagarro.hibernate.flightdemo.presentation.Main outputFilter 72 - Want to Enter More (Y/y)(Any other Key for No)?
2016-08-22 23:45:27,950 DEBUG [Thread-2] - com.nagarro.hibernate.flightdemo.presentation.Main getUserInput 34 - Enter:- Depurture Location(3 letters), Arrival Location(3 letters), Date(DD-MM-YYYY), Class(E/B), OutPref(Fare/both) [e.g- DEL MUB 05-12-2013 E both]: 
2016-08-22 23:45:38,377 DEBUG [Thread-2] - com.nagarro.hibernate.flightdemo.presentation.Main outputFilter 45 - FLIGHT_NUM|DEP_LOC|ARR_LOC|VALID_TILL|FLIGHT_TIME|FLIGHT_DURN|FARE|CLASS 
2016-08-22 23:45:38,377 DEBUG [Thread-2] - com.nagarro.hibernate.flightdemo.presentation.Main outputFilter 53 - 9W377 | DEL | MUB | 2013-12-06 00:00:00.0 | 0600 | 4.1 | 5500.0 | B
2016-08-22 23:45:38,377 DEBUG [Thread-2] - com.nagarro.hibernate.flightdemo.presentation.Main outputFilter 53 - 9W379 | DEL | MUB | 2013-12-15 00:00:00.0 | 0630 | 4.3 | 4900.0 | EB
2016-08-22 23:45:38,377 DEBUG [Thread-2] - com.nagarro.hibernate.flightdemo.presentation.Main outputFilter 53 - 9W389 | DEL | MUB | 2013-12-17 00:00:00.0 | 0830 | 4.0 | 5650.0 | E
2016-08-22 23:45:38,377 DEBUG [Thread-2] - com.nagarro.hibernate.flightdemo.presentation.Main outputFilter 53 - 9W378 | DEL | MUB | 2013-12-17 00:00:00.0 | 1830 | 4.2 | 5300.0 | EB
2016-08-22 23:45:38,377 DEBUG [Thread-2] - com.nagarro.hibernate.flightdemo.presentation.Main outputFilter 53 - 6E379 | DEL | MUB | 2013-12-12 00:00:00.0 | 0930 | 4.1 | 5500.0 | EB
2016-08-22 23:45:38,377 DEBUG [Thread-2] - com.nagarro.hibernate.flightdemo.presentation.Main outputFilter 53 - 6E378 | DEL | MUB | 2013-12-25 00:00:00.0 | 1830 | 4.25 | 5300.0 | EB
2016-08-22 23:45:38,377 DEBUG [Thread-2] - com.nagarro.hibernate.flightdemo.presentation.Main outputFilter 53 - 6E378 | DEL | MUB | 2013-12-29 00:00:00.0 | 1630 | 3.45 | 6500.0 | E
2016-08-22 23:45:38,377 DEBUG [Thread-2] - com.nagarro.hibernate.flightdemo.presentation.Main outputFilter 53 - AI279 | DEL | MUB | 2013-12-10 00:00:00.0 | 0630 | 4.3 | 4900.0 | E
2016-08-22 23:45:38,377 DEBUG [Thread-2] - com.nagarro.hibernate.flightdemo.presentation.Main outputFilter 53 - AI289 | DEL | MUB | 2013-12-10 00:00:00.0 | 0830 | 4.0 | 5650.0 | EB
2016-08-22 23:45:38,377 DEBUG [Thread-2] - com.nagarro.hibernate.flightdemo.presentation.Main outputFilter 53 - AI278 | DEL | MUB | 2013-12-17 00:00:00.0 | 1830 | 4.2 | 5300.0 | E
2016-08-22 23:45:38,377 DEBUG [Thread-2] - com.nagarro.hibernate.flightdemo.presentation.Main outputFilter 53 - AI278 | DEL | MUB | 2013-12-20 00:00:00.0 | 1430 | 3.45 | 6500.0 | EB
2016-08-22 23:45:38,377 DEBUG [Thread-2] - com.nagarro.hibernate.flightdemo.presentation.Main outputFilter 53 - RickK | DEL | MUB | 2013-12-20 00:00:00.0 | 1430 | 3.45 | 6500.0 | EB
2016-08-22 23:45:38,377 DEBUG [Thread-2] - com.nagarro.hibernate.flightdemo.presentation.Main outputFilter 72 - Want to Enter More (Y/y)(Any other Key for No)?
2016-08-22 23:47:09,186 DEBUG [Thread-2] - com.nagarro.hibernate.flightdemo.presentation.Main getUserInput 34 - Enter:- Depurture Location(3 letters), Arrival Location(3 letters), Date(DD-MM-YYYY), Class(E/B), OutPref(Fare/both) [e.g- DEL MUB 05-12-2013 E both]: 
2016-08-22 23:47:11,345 DEBUG [Thread-2] - com.nagarro.hibernate.flightdemo.presentation.Main outputFilter 45 - FLIGHT_NUM|DEP_LOC|ARR_LOC|VALID_TILL|FLIGHT_TIME|FLIGHT_DURN|FARE|CLASS 
2016-08-22 23:47:11,345 DEBUG [Thread-2] - com.nagarro.hibernate.flightdemo.presentation.Main outputFilter 53 - 9W377 | DEL | MUB | 2013-12-06 00:00:00.0 | 0600 | 4.1 | 5500.0 | B
2016-08-22 23:47:11,345 DEBUG [Thread-2] - com.nagarro.hibernate.flightdemo.presentation.Main outputFilter 53 - 9W379 | DEL | MUB | 2013-12-15 00:00:00.0 | 0630 | 4.3 | 4900.0 | EB
2016-08-22 23:47:11,345 DEBUG [Thread-2] - com.nagarro.hibernate.flightdemo.presentation.Main outputFilter 53 - 9W389 | DEL | MUB | 2013-12-17 00:00:00.0 | 0830 | 4.0 | 5650.0 | E
2016-08-22 23:47:11,345 DEBUG [Thread-2] - com.nagarro.hibernate.flightdemo.presentation.Main outputFilter 53 - 9W378 | DEL | MUB | 2013-12-17 00:00:00.0 | 1830 | 4.2 | 5300.0 | EB
2016-08-22 23:47:11,345 DEBUG [Thread-2] - com.nagarro.hibernate.flightdemo.presentation.Main outputFilter 53 - 6E379 | DEL | MUB | 2013-12-12 00:00:00.0 | 0930 | 4.1 | 5500.0 | EB
2016-08-22 23:47:11,345 DEBUG [Thread-2] - com.nagarro.hibernate.flightdemo.presentation.Main outputFilter 53 - 6E378 | DEL | MUB | 2013-12-25 00:00:00.0 | 1830 | 4.25 | 5300.0 | EB
2016-08-22 23:47:11,345 DEBUG [Thread-2] - com.nagarro.hibernate.flightdemo.presentation.Main outputFilter 53 - 6E378 | DEL | MUB | 2013-12-29 00:00:00.0 | 1630 | 3.45 | 6500.0 | E
2016-08-22 23:47:11,345 DEBUG [Thread-2] - com.nagarro.hibernate.flightdemo.presentation.Main outputFilter 53 - AI279 | DEL | MUB | 2013-12-10 00:00:00.0 | 0630 | 4.3 | 4900.0 | E
2016-08-22 23:47:11,345 DEBUG [Thread-2] - com.nagarro.hibernate.flightdemo.presentation.Main outputFilter 53 - AI289 | DEL | MUB | 2013-12-10 00:00:00.0 | 0830 | 4.0 | 5650.0 | EB
2016-08-22 23:47:11,345 DEBUG [Thread-2] - com.nagarro.hibernate.flightdemo.presentation.Main outputFilter 53 - AI278 | DEL | MUB | 2013-12-17 00:00:00.0 | 1830 | 4.2 | 5300.0 | E
2016-08-22 23:47:11,345 DEBUG [Thread-2] - com.nagarro.hibernate.flightdemo.presentation.Main outputFilter 53 - AI278 | DEL | MUB | 2013-12-20 00:00:00.0 | 1430 | 3.45 | 6500.0 | EB
2016-08-22 23:47:11,346 DEBUG [Thread-2] - com.nagarro.hibernate.flightdemo.presentation.Main outputFilter 53 - AIRick | DEL | MUB | 2013-12-20 00:00:00.0 | 1430 | 3.45 | 6500.0 | EB
2016-08-22 23:47:11,346 DEBUG [Thread-2] - com.nagarro.hibernate.flightdemo.presentation.Main outputFilter 72 - Want to Enter More (Y/y)(Any other Key for No)?
2016-08-23 01:33:51,135 DEBUG [Thread-2] - com.nagarro.hibernate.flightdemo.presentation.Main getUserInput 34 - Enter:- Depurture Location(3 letters), Arrival Location(3 letters), Date(DD-MM-YYYY), Class(E/B), OutPref(Fare/both) [e.g- DEL MUB 05-12-2013 E both]: 
2016-08-23 01:33:57,254 DEBUG [Thread-2] - com.nagarro.hibernate.flightdemo.presentation.Main getUserInput 34 - Enter:- Depurture Location(3 letters), Arrival Location(3 letters), Date(DD-MM-YYYY), Class(E/B), OutPref(Fare/both) [e.g- DEL MUB 05-12-2013 E both]: 
2016-08-23 01:34:05,973 DEBUG [Thread-2] - com.nagarro.hibernate.flightdemo.presentation.Main outputFilter 45 - FLIGHT_NUM|DEP_LOC|ARR_LOC|VALID_TILL|FLIGHT_TIME|FLIGHT_DURN|FARE|CLASS 
2016-08-23 01:34:05,973 DEBUG [Thread-2] - com.nagarro.hibernate.flightdemo.presentation.Main outputFilter 53 - 9W377 | DEL | MUB | 2013-12-06 00:00:00.0 | 0600 | 4.1 | 5500.0 | B
2016-08-23 01:34:05,973 DEBUG [Thread-2] - com.nagarro.hibernate.flightdemo.presentation.Main outputFilter 53 - 9W379 | DEL | MUB | 2013-12-15 00:00:00.0 | 0630 | 4.3 | 4900.0 | EB
2016-08-23 01:34:05,973 DEBUG [Thread-2] - com.nagarro.hibernate.flightdemo.presentation.Main outputFilter 53 - 9W389 | DEL | MUB | 2013-12-17 00:00:00.0 | 0830 | 4.0 | 5650.0 | E
2016-08-23 01:34:05,974 DEBUG [Thread-2] - com.nagarro.hibernate.flightdemo.presentation.Main outputFilter 53 - 9W378 | DEL | MUB | 2013-12-17 00:00:00.0 | 1830 | 4.2 | 5300.0 | EB
2016-08-23 01:34:05,974 DEBUG [Thread-2] - com.nagarro.hibernate.flightdemo.presentation.Main outputFilter 53 - 6E379 | DEL | MUB | 2013-12-12 00:00:00.0 | 0930 | 4.1 | 5500.0 | EB
2016-08-23 01:34:05,974 DEBUG [Thread-2] - com.nagarro.hibernate.flightdemo.presentation.Main outputFilter 53 - 6E378 | DEL | MUB | 2013-12-25 00:00:00.0 | 1830 | 4.25 | 5300.0 | EB
2016-08-23 01:34:05,974 DEBUG [Thread-2] - com.nagarro.hibernate.flightdemo.presentation.Main outputFilter 53 - 6E378 | DEL | MUB | 2013-12-29 00:00:00.0 | 1630 | 3.45 | 6500.0 | E
2016-08-23 01:34:05,974 DEBUG [Thread-2] - com.nagarro.hibernate.flightdemo.presentation.Main outputFilter 53 - AI279 | DEL | MUB | 2013-12-10 00:00:00.0 | 0630 | 4.3 | 4900.0 | E
2016-08-23 01:34:05,974 DEBUG [Thread-2] - com.nagarro.hibernate.flightdemo.presentation.Main outputFilter 53 - AI289 | DEL | MUB | 2013-12-10 00:00:00.0 | 0830 | 4.0 | 5650.0 | EB
2016-08-23 01:34:05,974 DEBUG [Thread-2] - com.nagarro.hibernate.flightdemo.presentation.Main outputFilter 53 - AI278 | DEL | MUB | 2013-12-17 00:00:00.0 | 1830 | 4.2 | 5300.0 | E
2016-08-23 01:34:05,974 DEBUG [Thread-2] - com.nagarro.hibernate.flightdemo.presentation.Main outputFilter 53 - AI278 | DEL | MUB | 2013-12-20 00:00:00.0 | 1430 | 3.45 | 6500.0 | EB
2016-08-23 01:34:05,974 DEBUG [Thread-2] - com.nagarro.hibernate.flightdemo.presentation.Main outputFilter 53 - AIRick | DEL | MUB | 2013-12-20 00:00:00.0 | 1430 | 3.45 | 6500.0 | EB
2016-08-23 01:34:05,974 DEBUG [Thread-2] - com.nagarro.hibernate.flightdemo.presentation.Main outputFilter 72 - Want to Enter More (Y/y)(Any other Key for No)?
2016-08-23 01:44:18,784 DEBUG [Thread-2] - com.nagarro.hibernate.flightdemo.presentation.Main getUserInput 34 - Enter:- Depurture Location(3 letters), Arrival Location(3 letters), Date(DD-MM-YYYY), Class(E/B), OutPref(Fare/both) [e.g- DEL MUB 05-12-2013 E both]: 
2016-08-23 01:44:26,930 DEBUG [Thread-2] - com.nagarro.hibernate.flightdemo.presentation.Main outputFilter 47 - FLIGHT_NUM|DEP_LOC|ARR_LOC|VALID_TILL|FLIGHT_TIME|FLIGHT_DURN|FARE|CLASS 
2016-08-23 01:44:26,930 DEBUG [Thread-2] - com.nagarro.hibernate.flightdemo.presentation.Main outputFilter 55 - 9W377 | DEL | MUB | 2013-12-06 00:00:00.0 | 0600 | 4.1 | 5500.0 | B
2016-08-23 01:44:26,930 DEBUG [Thread-2] - com.nagarro.hibernate.flightdemo.presentation.Main outputFilter 55 - 9W379 | DEL | MUB | 2013-12-15 00:00:00.0 | 0630 | 4.3 | 4900.0 | EB
2016-08-23 01:44:26,930 DEBUG [Thread-2] - com.nagarro.hibernate.flightdemo.presentation.Main outputFilter 55 - 9W389 | DEL | MUB | 2013-12-17 00:00:00.0 | 0830 | 4.0 | 5650.0 | E
2016-08-23 01:44:26,930 DEBUG [Thread-2] - com.nagarro.hibernate.flightdemo.presentation.Main outputFilter 55 - 9W378 | DEL | MUB | 2013-12-17 00:00:00.0 | 1830 | 4.2 | 5300.0 | EB
2016-08-23 01:44:26,930 DEBUG [Thread-2] - com.nagarro.hibernate.flightdemo.presentation.Main outputFilter 55 - 6E379 | DEL | MUB | 2013-12-12 00:00:00.0 | 0930 | 4.1 | 5500.0 | EB
2016-08-23 01:44:26,930 DEBUG [Thread-2] - com.nagarro.hibernate.flightdemo.presentation.Main outputFilter 55 - 6E378 | DEL | MUB | 2013-12-25 00:00:00.0 | 1830 | 4.25 | 5300.0 | EB
2016-08-23 01:44:26,930 DEBUG [Thread-2] - com.nagarro.hibernate.flightdemo.presentation.Main outputFilter 55 - 6E378 | DEL | MUB | 2013-12-29 00:00:00.0 | 1630 | 3.45 | 6500.0 | E
2016-08-23 01:44:26,930 DEBUG [Thread-2] - com.nagarro.hibernate.flightdemo.presentation.Main outputFilter 55 - AI279 | DEL | MUB | 2013-12-10 00:00:00.0 | 0630 | 4.3 | 4900.0 | E
2016-08-23 01:44:26,930 DEBUG [Thread-2] - com.nagarro.hibernate.flightdemo.presentation.Main outputFilter 55 - AI289 | DEL | MUB | 2013-12-10 00:00:00.0 | 0830 | 4.0 | 5650.0 | EB
2016-08-23 01:44:26,930 DEBUG [Thread-2] - com.nagarro.hibernate.flightdemo.presentation.Main outputFilter 55 - AI278 | DEL | MUB | 2013-12-17 00:00:00.0 | 1830 | 4.2 | 5300.0 | E
2016-08-23 01:44:26,930 DEBUG [Thread-2] - com.nagarro.hibernate.flightdemo.presentation.Main outputFilter 55 - AI278 | DEL | MUB | 2013-12-20 00:00:00.0 | 1430 | 3.45 | 6500.0 | EB
2016-08-23 01:44:26,930 DEBUG [Thread-2] - com.nagarro.hibernate.flightdemo.presentation.Main outputFilter 55 - AIRick | DEL | MUB | 2013-12-20 00:00:00.0 | 1430 | 3.45 | 6500.0 | EB
2016-08-23 01:44:26,930 DEBUG [Thread-2] - com.nagarro.hibernate.flightdemo.presentation.Main outputFilter 74 - Want to Enter More (Y/y)(Any other Key for No)?
2016-08-23 01:45:21,261 DEBUG [Thread-2] - com.nagarro.hibernate.flightdemo.presentation.Main getUserInput 34 - Enter:- Depurture Location(3 letters), Arrival Location(3 letters), Date(DD-MM-YYYY), Class(E/B), OutPref(Fare/both) [e.g- DEL MUB 05-12-2013 E both]: 
2016-08-23 01:45:38,909 DEBUG [Thread-2] - com.nagarro.hibernate.flightdemo.presentation.Main outputFilter 45 - FLIGHT_NUM|DEP_LOC|ARR_LOC|VALID_TILL|FLIGHT_TIME|FLIGHT_DURN|FARE|CLASS 
2016-08-23 01:45:38,909 DEBUG [Thread-2] - com.nagarro.hibernate.flightdemo.presentation.Main outputFilter 53 - 9W377 | DEL | MUB | 2013-12-06 00:00:00.0 | 0600 | 4.1 | 5500.0 | B
2016-08-23 01:45:38,909 DEBUG [Thread-2] - com.nagarro.hibernate.flightdemo.presentation.Main outputFilter 53 - 9W379 | DEL | MUB | 2013-12-15 00:00:00.0 | 0630 | 4.3 | 4900.0 | EB
2016-08-23 01:45:38,909 DEBUG [Thread-2] - com.nagarro.hibernate.flightdemo.presentation.Main outputFilter 53 - 9W389 | DEL | MUB | 2013-12-17 00:00:00.0 | 0830 | 4.0 | 5650.0 | E
2016-08-23 01:45:38,909 DEBUG [Thread-2] - com.nagarro.hibernate.flightdemo.presentation.Main outputFilter 53 - 9W378 | DEL | MUB | 2013-12-17 00:00:00.0 | 1830 | 4.2 | 5300.0 | EB
2016-08-23 01:45:38,909 DEBUG [Thread-2] - com.nagarro.hibernate.flightdemo.presentation.Main outputFilter 53 - 6E379 | DEL | MUB | 2013-12-12 00:00:00.0 | 0930 | 4.1 | 5500.0 | EB
2016-08-23 01:45:38,909 DEBUG [Thread-2] - com.nagarro.hibernate.flightdemo.presentation.Main outputFilter 53 - 6E378 | DEL | MUB | 2013-12-25 00:00:00.0 | 1830 | 4.25 | 5300.0 | EB
2016-08-23 01:45:38,909 DEBUG [Thread-2] - com.nagarro.hibernate.flightdemo.presentation.Main outputFilter 53 - 6E378 | DEL | MUB | 2013-12-29 00:00:00.0 | 1630 | 3.45 | 6500.0 | E
2016-08-23 01:45:38,909 DEBUG [Thread-2] - com.nagarro.hibernate.flightdemo.presentation.Main outputFilter 53 - AI279 | DEL | MUB | 2013-12-10 00:00:00.0 | 0630 | 4.3 | 4900.0 | E
2016-08-23 01:45:38,909 DEBUG [Thread-2] - com.nagarro.hibernate.flightdemo.presentation.Main outputFilter 53 - AI289 | DEL | MUB | 2013-12-10 00:00:00.0 | 0830 | 4.0 | 5650.0 | EB
2016-08-23 01:45:38,909 DEBUG [Thread-2] - com.nagarro.hibernate.flightdemo.presentation.Main outputFilter 53 - AI278 | DEL | MUB | 2013-12-17 00:00:00.0 | 1830 | 4.2 | 5300.0 | E
2016-08-23 01:45:38,910 DEBUG [Thread-2] - com.nagarro.hibernate.flightdemo.presentation.Main outputFilter 53 - AI278 | DEL | MUB | 2013-12-20 00:00:00.0 | 1430 | 3.45 | 6500.0 | EB
2016-08-23 01:45:38,910 DEBUG [Thread-2] - com.nagarro.hibernate.flightdemo.presentation.Main outputFilter 53 - AIRick | DEL | MUB | 2013-12-20 00:00:00.0 | 1430 | 3.45 | 6500.0 | EB
2016-08-23 01:45:38,910 DEBUG [Thread-2] - com.nagarro.hibernate.flightdemo.presentation.Main outputFilter 72 - Want to Enter More (Y/y)(Any other Key for No)?
2016-08-23 01:46:01,132 DEBUG [Thread-2] - com.nagarro.hibernate.flightdemo.presentation.Main getUserInput 34 - Enter:- Depurture Location(3 letters), Arrival Location(3 letters), Date(DD-MM-YYYY), Class(E/B), OutPref(Fare/both) [e.g- DEL MUB 05-12-2013 E both]: 
2016-08-23 01:46:03,296 DEBUG [Thread-2] - com.nagarro.hibernate.flightdemo.presentation.Main outputFilter 45 - FLIGHT_NUM|DEP_LOC|ARR_LOC|VALID_TILL|FLIGHT_TIME|FLIGHT_DURN|FARE|CLASS 
2016-08-23 01:46:03,296 DEBUG [Thread-2] - com.nagarro.hibernate.flightdemo.presentation.Main outputFilter 53 - 9W377 | DEL | MUB | 2013-12-06 00:00:00.0 | 0600 | 4.1 | 5500.0 | B
2016-08-23 01:46:03,296 DEBUG [Thread-2] - com.nagarro.hibernate.flightdemo.presentation.Main outputFilter 53 - 9W379 | DEL | MUB | 2013-12-15 00:00:00.0 | 0630 | 4.3 | 4900.0 | EB
2016-08-23 01:46:03,296 DEBUG [Thread-2] - com.nagarro.hibernate.flightdemo.presentation.Main outputFilter 53 - 9W389 | DEL | MUB | 2013-12-17 00:00:00.0 | 0830 | 4.0 | 5650.0 | E
2016-08-23 01:46:03,296 DEBUG [Thread-2] - com.nagarro.hibernate.flightdemo.presentation.Main outputFilter 53 - 9W378 | DEL | MUB | 2013-12-17 00:00:00.0 | 1830 | 4.2 | 5300.0 | EB
2016-08-23 01:46:03,296 DEBUG [Thread-2] - com.nagarro.hibernate.flightdemo.presentation.Main outputFilter 53 - 6E379 | DEL | MUB | 2013-12-12 00:00:00.0 | 0930 | 4.1 | 5500.0 | EB
2016-08-23 01:46:03,296 DEBUG [Thread-2] - com.nagarro.hibernate.flightdemo.presentation.Main outputFilter 53 - 6E378 | DEL | MUB | 2013-12-25 00:00:00.0 | 1830 | 4.25 | 5300.0 | EB
2016-08-23 01:46:03,296 DEBUG [Thread-2] - com.nagarro.hibernate.flightdemo.presentation.Main outputFilter 53 - 6E378 | DEL | MUB | 2013-12-29 00:00:00.0 | 1630 | 3.45 | 6500.0 | E
2016-08-23 01:46:03,296 DEBUG [Thread-2] - com.nagarro.hibernate.flightdemo.presentation.Main outputFilter 53 - AI279 | DEL | MUB | 2013-12-10 00:00:00.0 | 0630 | 4.3 | 4900.0 | E
2016-08-23 01:46:03,296 DEBUG [Thread-2] - com.nagarro.hibernate.flightdemo.presentation.Main outputFilter 53 - AI289 | DEL | MUB | 2013-12-10 00:00:00.0 | 0830 | 4.0 | 5650.0 | EB
2016-08-23 01:46:03,296 DEBUG [Thread-2] - com.nagarro.hibernate.flightdemo.presentation.Main outputFilter 53 - AI278 | DEL | MUB | 2013-12-17 00:00:00.0 | 1830 | 4.2 | 5300.0 | E
2016-08-23 01:46:03,296 DEBUG [Thread-2] - com.nagarro.hibernate.flightdemo.presentation.Main outputFilter 53 - AI278 | DEL | MUB | 2013-12-20 00:00:00.0 | 1430 | 3.45 | 6500.0 | EB
2016-08-23 01:46:03,296 DEBUG [Thread-2] - com.nagarro.hibernate.flightdemo.presentation.Main outputFilter 53 - AIRick | DEL | MUB | 2013-12-20 00:00:00.0 | 1430 | 3.45 | 6500.0 | EB
2016-08-23 01:46:03,296 DEBUG [Thread-2] - com.nagarro.hibernate.flightdemo.presentation.Main outputFilter 72 - Want to Enter More (Y/y)(Any other Key for No)?
2016-08-23 01:47:02,974 DEBUG [Thread-2] - com.nagarro.hibernate.flightdemo.presentation.Main getUserInput 34 - Enter:- Depurture Location(3 letters), Arrival Location(3 letters), Date(DD-MM-YYYY), Class(E/B), OutPref(Fare/both) [e.g- DEL MUB 05-12-2013 E both]: 
2016-08-23 01:47:05,393 DEBUG [Thread-2] - com.nagarro.hibernate.flightdemo.presentation.Main outputFilter 45 - FLIGHT_NUM|DEP_LOC|ARR_LOC|VALID_TILL|FLIGHT_TIME|FLIGHT_DURN|FARE|CLASS 
2016-08-23 01:47:05,393 DEBUG [Thread-2] - com.nagarro.hibernate.flightdemo.presentation.Main outputFilter 53 - 9W377 | DEL | MUB | 2013-12-06 00:00:00.0 | 0600 | 4.1 | 5500.0 | B
2016-08-23 01:47:05,393 DEBUG [Thread-2] - com.nagarro.hibernate.flightdemo.presentation.Main outputFilter 53 - 9W379 | DEL | MUB | 2013-12-15 00:00:00.0 | 0630 | 4.3 | 4900.0 | EB
2016-08-23 01:47:05,393 DEBUG [Thread-2] - com.nagarro.hibernate.flightdemo.presentation.Main outputFilter 53 - 9W389 | DEL | MUB | 2013-12-17 00:00:00.0 | 0830 | 4.0 | 5650.0 | E
2016-08-23 01:47:05,393 DEBUG [Thread-2] - com.nagarro.hibernate.flightdemo.presentation.Main outputFilter 53 - 9W378 | DEL | MUB | 2013-12-17 00:00:00.0 | 1830 | 4.2 | 5300.0 | EB
2016-08-23 01:47:05,394 DEBUG [Thread-2] - com.nagarro.hibernate.flightdemo.presentation.Main outputFilter 53 - 6E379 | DEL | MUB | 2013-12-12 00:00:00.0 | 0930 | 4.1 | 5500.0 | EB
2016-08-23 01:47:05,394 DEBUG [Thread-2] - com.nagarro.hibernate.flightdemo.presentation.Main outputFilter 53 - 6E378 | DEL | MUB | 2013-12-25 00:00:00.0 | 1830 | 4.25 | 5300.0 | EB
2016-08-23 01:47:05,394 DEBUG [Thread-2] - com.nagarro.hibernate.flightdemo.presentation.Main outputFilter 53 - 6E378 | DEL | MUB | 2013-12-29 00:00:00.0 | 1630 | 3.45 | 6500.0 | E
2016-08-23 01:47:05,394 DEBUG [Thread-2] - com.nagarro.hibernate.flightdemo.presentation.Main outputFilter 53 - AI279 | DEL | MUB | 2013-12-10 00:00:00.0 | 0630 | 4.3 | 4900.0 | E
2016-08-23 01:47:05,394 DEBUG [Thread-2] - com.nagarro.hibernate.flightdemo.presentation.Main outputFilter 53 - AI289 | DEL | MUB | 2013-12-10 00:00:00.0 | 0830 | 4.0 | 5650.0 | EB
2016-08-23 01:47:05,394 DEBUG [Thread-2] - com.nagarro.hibernate.flightdemo.presentation.Main outputFilter 53 - AI278 | DEL | MUB | 2013-12-17 00:00:00.0 | 1830 | 4.2 | 5300.0 | E
2016-08-23 01:47:05,394 DEBUG [Thread-2] - com.nagarro.hibernate.flightdemo.presentation.Main outputFilter 53 - AI278 | DEL | MUB | 2013-12-20 00:00:00.0 | 1430 | 3.45 | 6500.0 | EB
2016-08-23 01:47:05,394 DEBUG [Thread-2] - com.nagarro.hibernate.flightdemo.presentation.Main outputFilter 53 - AIRick | DEL | MUB | 2013-12-20 00:00:00.0 | 1430 | 3.45 | 6500.0 | EB
2016-08-23 01:47:05,394 DEBUG [Thread-2] - com.nagarro.hibernate.flightdemo.presentation.Main outputFilter 53 - ricku | DEL | MUB | 2013-12-31 00:00:00.0 | 1130 | 4.5 | 8100.0 | EB
2016-08-23 01:47:05,394 DEBUG [Thread-2] - com.nagarro.hibernate.flightdemo.presentation.Main outputFilter 72 - Want to Enter More (Y/y)(Any other Key for No)?
