2016-08-19 00:09:01,483 DEBUG [Thread-2] - com.nagarro.hibernate.flightdemo.presentation.Main getUserInput 34 - Enter:- Depurture Location(3 letters), Arrival Location(3 letters), Date(DD-MM-YYYY), Class(E/B), OutPref(Fare/both) 
 [e.g- DEL MUB 05-12-2013 E both]: 
2016-08-19 00:22:26,122 DEBUG [Thread-2] - com.nagarro.hibernate.flightdemo.presentation.Main getUserInput 34 - Enter:- Depurture Location(3 letters), Arrival Location(3 letters), Date(DD-MM-YYYY), Class(E/B), OutPref(Fare/both) 
 [e.g- DEL MUB 05-12-2013 E both]: 
2016-08-19 01:20:18,082 DEBUG [Thread-2] - com.nagarro.hibernate.flightdemo.presentation.Main getUserInput 34 - Enter:- Depurture Location(3 letters), Arrival Location(3 letters), Date(DD-MM-YYYY), Class(E/B), OutPref(Fare/both) 
 [e.g- DEL MUB 05-12-2013 E both]: 
2016-08-19 01:21:06,614 DEBUG [Thread-2] - com.nagarro.hibernate.flightdemo.presentation.Main getUserInput 34 - Enter:- Depurture Location(3 letters), Arrival Location(3 letters), Date(DD-MM-YYYY), Class(E/B), OutPref(Fare/both) 
 [e.g- DEL MUB 05-12-2013 E both]: 
2016-08-19 01:21:09,708 DEBUG [Thread-2] - com.nagarro.hibernate.flightdemo.presentation.Main outputFilter 68 - No Flight is available
2016-08-19 01:21:09,708 DEBUG [Thread-2] - com.nagarro.hibernate.flightdemo.presentation.Main outputFilter 73 - Want to Enter More (Y/y)(Any other Key for No)?
2016-08-19 01:21:47,618 DEBUG [Thread-2] - com.nagarro.hibernate.flightdemo.presentation.Main getUserInput 34 - Enter:- Depurture Location(3 letters), Arrival Location(3 letters), Date(DD-MM-YYYY), Class(E/B), OutPref(Fare/both) 
 [e.g- DEL MUB 05-12-2013 E both]: 
2016-08-19 01:22:20,008 DEBUG [Thread-2] - com.nagarro.hibernate.flightdemo.presentation.Main getUserInput 34 - Enter:- Depurture Location(3 letters), Arrival Location(3 letters), Date(DD-MM-YYYY), Class(E/B), OutPref(Fare/both) 
 [e.g- DEL MUB 05-12-2013 E both]: 
2016-08-19 01:26:47,305 DEBUG [Thread-2] - com.nagarro.hibernate.flightdemo.presentation.Main outputFilter 46 - FLIGHT_NUM|DEP_LOC|ARR_LOC|VALID_TILL|FLIGHT_TIME|FLIGHT_DURN|FARE 
2016-08-19 01:26:50,833 DEBUG [Thread-2] - com.nagarro.hibernate.flightdemo.presentation.Main outputFilter 54 - com.nagarro.hibernate.flightdemo.domain.FlightDetails@8203a22
2016-08-19 01:27:02,366 DEBUG [Thread-2] - com.nagarro.hibernate.flightdemo.presentation.Main outputFilter 54 - com.nagarro.hibernate.flightdemo.domain.FlightDetails@6a273707
2016-08-19 01:29:06,334 DEBUG [Thread-2] - com.nagarro.hibernate.flightdemo.presentation.Main getUserInput 34 - Enter:- Depurture Location(3 letters), Arrival Location(3 letters), Date(DD-MM-YYYY), Class(E/B), OutPref(Fare/both) 
 [e.g- DEL MUB 05-12-2013 E both]: 
2016-08-19 01:29:20,667 DEBUG [Thread-2] - com.nagarro.hibernate.flightdemo.presentation.Main outputFilter 46 - FLIGHT_NUM|DEP_LOC|ARR_LOC|VALID_TILL|FLIGHT_TIME|FLIGHT_DURN|FARE 
2016-08-19 01:29:23,892 DEBUG [Thread-2] - com.nagarro.hibernate.flightdemo.presentation.Main outputFilter 54 - com.nagarro.hibernate.flightdemo.domain.FlightDetails@785ec756
2016-08-19 01:29:26,794 DEBUG [Thread-2] - com.nagarro.hibernate.flightdemo.presentation.Main outputFilter 54 - com.nagarro.hibernate.flightdemo.domain.FlightDetails@470bded0
2016-08-19 01:29:27,845 DEBUG [Thread-2] - com.nagarro.hibernate.flightdemo.presentation.Main outputFilter 54 - com.nagarro.hibernate.flightdemo.domain.FlightDetails@6b084973
2016-08-19 01:29:29,685 DEBUG [Thread-2] - com.nagarro.hibernate.flightdemo.presentation.Main outputFilter 54 - com.nagarro.hibernate.flightdemo.domain.FlightDetails@1768b4c8
2016-08-19 01:29:30,736 DEBUG [Thread-2] - com.nagarro.hibernate.flightdemo.presentation.Main outputFilter 54 - com.nagarro.hibernate.flightdemo.domain.FlightDetails@6e6141be
2016-08-19 01:29:31,806 DEBUG [Thread-2] - com.nagarro.hibernate.flightdemo.presentation.Main outputFilter 54 - com.nagarro.hibernate.flightdemo.domain.FlightDetails@2a42e822
2016-08-19 01:29:31,885 DEBUG [Thread-2] - com.nagarro.hibernate.flightdemo.presentation.Main outputFilter 54 - com.nagarro.hibernate.flightdemo.domain.FlightDetails@7ab52deb
2016-08-19 01:29:31,978 DEBUG [Thread-2] - com.nagarro.hibernate.flightdemo.presentation.Main outputFilter 54 - com.nagarro.hibernate.flightdemo.domain.FlightDetails@745f219c
2016-08-19 01:29:32,072 DEBUG [Thread-2] - com.nagarro.hibernate.flightdemo.presentation.Main outputFilter 54 - com.nagarro.hibernate.flightdemo.domain.FlightDetails@4bebb843
2016-08-19 01:29:35,458 DEBUG [Thread-2] - com.nagarro.hibernate.flightdemo.presentation.Main outputFilter 73 - Want to Enter More (Y/y)(Any other Key for No)?
2016-08-19 01:29:53,008 DEBUG [Thread-2] - com.nagarro.hibernate.flightdemo.presentation.Main getUserInput 34 - Enter:- Depurture Location(3 letters), Arrival Location(3 letters), Date(DD-MM-YYYY), Class(E/B), OutPref(Fare/both) 
 [e.g- DEL MUB 05-12-2013 E both]: 
2016-08-19 01:29:57,513 DEBUG [Thread-2] - com.nagarro.hibernate.flightdemo.presentation.Main outputFilter 46 - FLIGHT_NUM|DEP_LOC|ARR_LOC|VALID_TILL|FLIGHT_TIME|FLIGHT_DURN|FARE 
2016-08-19 01:29:57,513 DEBUG [Thread-2] - com.nagarro.hibernate.flightdemo.presentation.Main outputFilter 54 - AI279 | DEL | MUB | 2013-12-10 00:00:00.0 | 0630 | 4.3 | 4900.0 | E
2016-08-19 01:29:57,513 DEBUG [Thread-2] - com.nagarro.hibernate.flightdemo.presentation.Main outputFilter 54 - AI278 | DEL | MUB | 2013-12-17 00:00:00.0 | 1830 | 4.2 | 5300.0 | E
2016-08-19 01:29:57,513 DEBUG [Thread-2] - com.nagarro.hibernate.flightdemo.presentation.Main outputFilter 54 - 6E378 | DEL | MUB | 2013-12-25 00:00:00.0 | 1830 | 4.25 | 5300.0 | EB
2016-08-19 01:29:57,513 DEBUG [Thread-2] - com.nagarro.hibernate.flightdemo.presentation.Main outputFilter 54 - 6E379 | DEL | MUB | 2013-12-12 00:00:00.0 | 0930 | 4.1 | 5500.0 | EB
2016-08-19 01:29:57,513 DEBUG [Thread-2] - com.nagarro.hibernate.flightdemo.presentation.Main outputFilter 54 - AI289 | DEL | MUB | 2013-12-10 00:00:00.0 | 0830 | 4.0 | 5650.0 | EB
2016-08-19 01:29:57,513 DEBUG [Thread-2] - com.nagarro.hibernate.flightdemo.presentation.Main outputFilter 54 - 6E378 | DEL | MUB | 2013-12-29 00:00:00.0 | 1630 | 3.45 | 6500.0 | E
2016-08-19 01:29:57,513 DEBUG [Thread-2] - com.nagarro.hibernate.flightdemo.presentation.Main outputFilter 54 - AI278 | DEL | MUB | 2013-12-20 00:00:00.0 | 1430 | 3.45 | 6500.0 | EB
2016-08-19 01:29:57,513 DEBUG [Thread-2] - com.nagarro.hibernate.flightdemo.presentation.Main outputFilter 54 - ricku | DEL | MUB | 2013-12-20 00:00:00.0 | 1430 | 3.45 | 6500.0 | EB
2016-08-19 01:29:57,513 DEBUG [Thread-2] - com.nagarro.hibernate.flightdemo.presentation.Main outputFilter 54 - 6E389 | DEL | MUB | 2013-12-17 00:00:00.0 | 1230 | 4.0 | 6650.0 | E
2016-08-19 01:29:57,513 DEBUG [Thread-2] - com.nagarro.hibernate.flightdemo.presentation.Main outputFilter 73 - Want to Enter More (Y/y)(Any other Key for No)?
2016-08-19 01:34:39,307 DEBUG [Thread-2] - com.nagarro.hibernate.flightdemo.presentation.Main getUserInput 34 - Enter:- Depurture Location(3 letters), Arrival Location(3 letters), Date(DD-MM-YYYY), Class(E/B), OutPref(Fare/both) 
 [e.g- DEL MUB 05-12-2013 E both]: 
2016-08-19 01:34:49,253 DEBUG [Thread-2] - com.nagarro.hibernate.flightdemo.presentation.Main outputFilter 46 - FLIGHT_NUM|DEP_LOC|ARR_LOC|VALID_TILL|FLIGHT_TIME|FLIGHT_DURN|FARE 
2016-08-19 01:34:49,253 DEBUG [Thread-2] - com.nagarro.hibernate.flightdemo.presentation.Main outputFilter 54 - AI279 | DEL | MUB | 2013-12-10 00:00:00.0 | 0630 | 4.3 | 6860.0 | E
2016-08-19 01:34:49,253 DEBUG [Thread-2] - com.nagarro.hibernate.flightdemo.presentation.Main outputFilter 54 - AI278 | DEL | MUB | 2013-12-17 00:00:00.0 | 1830 | 4.2 | 7419.999999999999 | E
2016-08-19 01:34:49,253 DEBUG [Thread-2] - com.nagarro.hibernate.flightdemo.presentation.Main outputFilter 54 - 6E378 | DEL | MUB | 2013-12-25 00:00:00.0 | 1830 | 4.25 | 7419.999999999999 | EB
2016-08-19 01:34:49,253 DEBUG [Thread-2] - com.nagarro.hibernate.flightdemo.presentation.Main outputFilter 54 - 6E379 | DEL | MUB | 2013-12-12 00:00:00.0 | 0930 | 4.1 | 7699.999999999999 | EB
2016-08-19 01:34:49,253 DEBUG [Thread-2] - com.nagarro.hibernate.flightdemo.presentation.Main outputFilter 54 - AI289 | DEL | MUB | 2013-12-10 00:00:00.0 | 0830 | 4.0 | 7909.999999999999 | EB
2016-08-19 01:34:49,253 DEBUG [Thread-2] - com.nagarro.hibernate.flightdemo.presentation.Main outputFilter 54 - 6E378 | DEL | MUB | 2013-12-29 00:00:00.0 | 1630 | 3.45 | 9100.0 | E
2016-08-19 01:34:49,253 DEBUG [Thread-2] - com.nagarro.hibernate.flightdemo.presentation.Main outputFilter 54 - AI278 | DEL | MUB | 2013-12-20 00:00:00.0 | 1430 | 3.45 | 9100.0 | EB
2016-08-19 01:34:49,253 DEBUG [Thread-2] - com.nagarro.hibernate.flightdemo.presentation.Main outputFilter 54 - ricku | DEL | MUB | 2013-12-20 00:00:00.0 | 1430 | 3.45 | 9100.0 | EB
2016-08-19 01:34:49,253 DEBUG [Thread-2] - com.nagarro.hibernate.flightdemo.presentation.Main outputFilter 54 - 6E389 | DEL | MUB | 2013-12-17 00:00:00.0 | 1230 | 4.0 | 9310.0 | E
2016-08-19 01:34:49,253 DEBUG [Thread-2] - com.nagarro.hibernate.flightdemo.presentation.Main outputFilter 73 - Want to Enter More (Y/y)(Any other Key for No)?
